<?xml version="1.0" encoding="UTF-8"?>
<!-- Generated by org.testng.reporters.JUnitXMLReporter -->
<testsuite ignored="0" hostname="RamyaG" failures="0" tests="3" name="Test-1" time="52.445" errors="0" timestamp="13 Jun 2024 12:46:14 GMT">
  <testcase classname="com.crm.comcast.TestNGOrgTest.CreateOrgTest" name="CreateOrgWithIndustry" time="11.099"/>
  <testcase classname="com.crm.comcast.TestNGOrgTest.CreateOrgTest" name="CreateOrgWithPhoneNumber" time="11.406"/>
  <testcase classname="com.crm.comcast.TestNGOrgTest.CreateOrgTest" name="createOrgTest" time="11.048"/>
</testsuite> <!-- Test-1 -->
