<?xml version="1.0" encoding="UTF-8"?>
<!-- Generated by org.testng.reporters.JUnitXMLReporter -->
<testsuite ignored="0" hostname="RamyaG" failures="0" tests="3" name="Test-2" time="63.88" errors="0" timestamp="13 Jun 2024 12:46:26 GMT">
  <testcase classname="com.crm.comcast.TestNGContactTest.CreateContactTest" name="CreateContactWithOrg" time="24.032"/>
  <testcase classname="com.crm.comcast.TestNGContactTest.CreateContactTest" name="CreateContactWithSuppportDate" time="11.31"/>
  <testcase classname="com.crm.comcast.TestNGContactTest.CreateContactTest" name="createContactTest" time="9.116"/>
</testsuite> <!-- Test-2 -->
