<?xml version="1.0" encoding="UTF-8"?>
<!-- Generated by org.testng.reporters.JUnitReportReporter -->
<testsuite hostname="RamyaG" failures="0" tests="1" name="extentReports.CreateOrgUsingExtentReportTest$CreateOrgTest" time="13.734" errors="0" timestamp="24 Jun 2024 09:53:56 GMT" skipped="0">
  <testcase classname="extentReports.CreateOrgUsingExtentReportTest$CreateOrgTest" name="createOrgTest" time="13.734"/>
</testsuite> <!-- extentReports.CreateOrgUsingExtentReportTest$CreateOrgTest -->
