<?xml version="1.0" encoding="UTF-8"?>
<!-- Generated by org.testng.reporters.JUnitReportReporter -->
<testsuite hostname="RamyaG" failures="0" tests="2" name="practice.testNG.CreateContactTest" time="0.005" errors="0" timestamp="12 Jun 2024 10:55:39 GMT" skipped="0">
  <testcase classname="practice.testNG.CreateContactTest" name="createContactwithdate" time="0.001"/>
  <testcase classname="practice.testNG.CreateContactTest" name="createContact" time="0.004"/>
</testsuite> <!-- practice.testNG.CreateContactTest -->
