<?xml version="1.0" encoding="UTF-8"?>
<!-- Generated by org.testng.reporters.JUnitReportReporter -->
<testsuite hostname="RamyaG" failures="0" tests="3" name="com.crm.comcast.TestNGContactTest.CreateContactTest" time="58.374" errors="0" timestamp="15 Jun 2024 17:13:49 GMT" skipped="0">
  <testcase classname="com.crm.comcast.TestNGContactTest.CreateContactTest" name="createContactTest" time="16.218"/>
  <testcase classname="com.crm.comcast.TestNGContactTest.CreateContactTest" name="CreateContactWithSuppportDate" time="14.912"/>
  <testcase classname="com.crm.comcast.TestNGContactTest.CreateContactTest" name="CreateContactWithOrg" time="27.244"/>
</testsuite> <!-- com.crm.comcast.TestNGContactTest.CreateContactTest -->
