<?xml version="1.0" encoding="UTF-8"?>
<!-- Generated by org.testng.reporters.JUnitReportReporter -->
<testsuite hostname="RamyaG" failures="0" tests="1" name="com.crm.comcast.TestNGOrgTest.CreateOrgTest" time="14.653" errors="0" timestamp="24 Jun 2024 09:51:18 GMT" skipped="0">
  <testcase classname="com.crm.comcast.TestNGOrgTest.CreateOrgTest" name="createOrgTest" time="14.653"/>
</testsuite> <!-- com.crm.comcast.TestNGOrgTest.CreateOrgTest -->
