<?xml version="1.0" encoding="UTF-8"?>
<!-- Generated by org.testng.reporters.JUnitReportReporter -->
<testsuite hostname="RamyaG" failures="0" tests="3" name="practice.testNG.GetProductInfoTest" time="13.700" errors="0" timestamp="12 Jun 2024 07:15:44 GMT" skipped="0">
  <testcase classname="practice.testNG.GetProductInfoTest" name="getProductInfoTest" time="5.322"/>
  <testcase classname="practice.testNG.GetProductInfoTest" name="getProductInfoTest" time="4.185"/>
  <testcase classname="practice.testNG.GetProductInfoTest" name="getProductInfoTest" time="4.193"/>
</testsuite> <!-- practice.testNG.GetProductInfoTest -->
