<?xml version="1.0" encoding="UTF-8"?>
<!-- Generated by org.testng.reporters.JUnitReportReporter -->
<testsuite hostname="RamyaG" failures="0" tests="1" name="com.crm.comcast.contactTest.CreateContactTest" time="44.194" errors="0" timestamp="13 Jun 2024 07:30:47 GMT" skipped="0">
  <testcase classname="com.crm.comcast.contactTest.CreateContactTest" name="createContactTest" time="44.194"/>
</testsuite> <!-- com.crm.comcast.contactTest.CreateContactTest -->
